2020-02-26 20:48:36INFO  Main:15 - Enter the standards of materials
1.standard
2.above standards 
3.high standards 
4.high standards and fully automated house
2020-02-26 20:48:52INFO  Main:17 - Enter the area for house
2020-02-26 20:48:54INFO  Main:24 - Enter you want fully automated house
2020-02-26 20:48:56INFO  Main:28 - Construction cost of house is 3800.0
2020-02-26 20:51:23INFO  interestcalculation:11 - Enter Number of operations you want to be perform
2020-02-26 20:51:26INFO  interestcalculation:16 - Enter the principle amount
2020-02-26 20:55:47INFO  Main:15 - Enter the standards of materials
1.standard
2.above standards 
3.high standards 
4.high standards and fully automated house
2020-02-26 20:55:53INFO  Main:17 - Enter the area for house
2020-02-26 20:55:56INFO  Main:24 - Enter you want fully automated house
2020-02-26 20:55:59INFO  Main:28 - Construction cost of house is 1900000.0
2020-02-26 20:56:16INFO  Main:15 - Enter the standards of materials
1.standard
2.above standards 
3.high standards 
4.high standards and fully automated house
2020-02-26 20:56:22INFO  Main:17 - Enter the area for house
2020-02-26 20:56:25INFO  Main:30 - Enter you want fully automated house
2020-02-26 20:56:27INFO  Main:34 - Construction cost of house is 220000.0
